[INFO] Lasso EventSpy is registered.
[WARNING] Failed to notify spy de.uni_mannheim.swt.lasso.maven.LassoEventSpy: null
[INFO] Scanning for projects...
[INFO] Lasso Spy: Session started/ended with output stream to lasso_spy_1633361266897.csv
[INFO] ------------------------------------------------------------------------
[INFO] Reactor Build Order:
[INFO] 
[INFO] LASSO Candidate 4e73bb0d-f01f-43e5-bf46-7ab7870a289f               [jar]
[INFO] LASSO Candidate 91a8e57d-cffe-4bd6-b1f0-1859366e8f5e               [jar]
[INFO] LASSO Candidate f5ab6a92-8056-4d5b-ba45-c12d04594781               [jar]
[INFO] LASSO Candidate 6ce338e3-3c3c-4f52-b595-9b3ed5bb4025               [jar]
[INFO] LASSO Candidate c576fd85-81c6-47fd-9199-960c122b8bbd               [jar]
[INFO] Aggregated Maven Project generated by LASSO                        [pom]
[INFO] 
[INFO] Using the MultiThreadedBuilder implementation with a thread count of 2
[INFO] 
[INFO] --< com.merobase.odisse.runtime:91a8e57d-cffe-4bd6-b1f0-1859366e8f5e >--
[INFO] 
[INFO] Building LASSO Candidate 91a8e57d-cffe-4bd6-b1f0-1859366e8f5e 2.13.2 [1/6]
[INFO] --< com.merobase.odisse.runtime:4e73bb0d-f01f-43e5-bf46-7ab7870a289f >--
[INFO] --------------------------------[ jar ]---------------------------------
[INFO] Building LASSO Candidate 4e73bb0d-f01f-43e5-bf46-7ab7870a289f v1.0 [2/6]
[INFO] --------------------------------[ jar ]---------------------------------
[WARNING] *****************************************************************
[WARNING] *****************************************************************
[WARNING] * Your build is requesting parallel execution, but project      *
[WARNING] * contains the following plugin(s) that have goals not marked   *
[WARNING] * as @threadSafe to support parallel building.                  *
[WARNING] * While this /may/ work fine, please look for plugin updates    *
[WARNING] * Your build is requesting parallel execution, but project      *
[WARNING] * and/or request plugins be made thread-safe.                   *
[WARNING] * contains the following plugin(s) that have goals not marked   *
[WARNING] * If reporting an issue, report it against the plugin in        *
[WARNING] * as @threadSafe to support parallel building.                  *
[WARNING] * While this /may/ work fine, please look for plugin updates    *
[WARNING] * question, not against maven-core                              *
[WARNING] * and/or request plugins be made thread-safe.                   *
[WARNING] *****************************************************************
[WARNING] The following plugins are not marked @threadSafe in LASSO Candidate 91a8e57d-cffe-4bd6-b1f0-1859366e8f5e:
[WARNING] org.evosuite.plugins:evosuite-maven-plugin:1.1.1.LASSO.9
[WARNING] * If reporting an issue, report it against the plugin in        *
[WARNING] * question, not against maven-core                              *
[WARNING] Enable debug to see more precisely which goals are not marked @threadSafe.
[WARNING] *****************************************************************
[WARNING] *****************************************************************
[WARNING] The following plugins are not marked @threadSafe in LASSO Candidate 4e73bb0d-f01f-43e5-bf46-7ab7870a289f:
[WARNING] org.evosuite.plugins:evosuite-maven-plugin:1.1.1.LASSO.9
[WARNING] Enable debug to see more precisely which goals are not marked @threadSafe.
[WARNING] *****************************************************************
[INFO] Downloading from swt100nexus-public: http://swt100.informatik.uni-mannheim.de:8081/repository/maven-public/com/jkoolcloud/tnt4j/2.13.2/tnt4j-2.13.2.pom
[INFO] Downloading from swt100nexus-public: http://swt100.informatik.uni-mannheim.de:8081/repository/maven-public/com/github/loadingbg/MiniML-for-java/v1.0/MiniML-for-java-v1.0.pom
[INFO] Downloaded from swt100nexus-public: http://swt100.informatik.uni-mannheim.de:8081/repository/maven-public/com/jkoolcloud/tnt4j/2.13.2/tnt4j-2.13.2.pom (16 kB at 56 kB/s)
[INFO] Downloaded from swt100nexus-public: http://swt100.informatik.uni-mannheim.de:8081/repository/maven-public/com/github/loadingbg/MiniML-for-java/v1.0/MiniML-for-java-v1.0.pom (5.0 kB at 18 kB/s)
[INFO] Downloading from swt100nexus-public: http://swt100.informatik.uni-mannheim.de:8081/repository/maven-public/com/github/loadingbg/MiniML-for-java/v1.0/MiniML-for-java-v1.0.jar
[INFO] Downloading from swt100nexus-public: http://swt100.informatik.uni-mannheim.de:8081/repository/maven-public/org/apache/commons/commons-configuration2/2.7/commons-configuration2-2.7.pom
[INFO] Downloaded from swt100nexus-public: http://swt100.informatik.uni-mannheim.de:8081/repository/maven-public/com/github/loadingbg/MiniML-for-java/v1.0/MiniML-for-java-v1.0.jar (8.7 kB at 203 kB/s)
[INFO] 
[INFO] --- maven-resources-plugin:2.6:resources (default-resources) @ 4e73bb0d-f01f-43e5-bf46-7ab7870a289f ---
[INFO] Downloaded from swt100nexus-public: http://swt100.informatik.uni-mannheim.de:8081/repository/maven-public/org/apache/commons/commons-configuration2/2.7/commons-configuration2-2.7.pom (31 kB at 591 kB/s)
[INFO] Downloading from swt100nexus-public: http://swt100.informatik.uni-mannheim.de:8081/repository/maven-public/com/fasterxml/uuid/java-uuid-generator/4.0.1/java-uuid-generator-4.0.1.pom
[INFO] Downloaded from swt100nexus-public: http://swt100.informatik.uni-mannheim.de:8081/repository/maven-public/com/fasterxml/uuid/java-uuid-generator/4.0.1/java-uuid-generator-4.0.1.pom (7.9 kB at 179 kB/s)
[INFO] Downloading from swt100nexus-public: http://swt100.informatik.uni-mannheim.de:8081/repository/maven-public/org/eclipse/paho/org.eclipse.paho.client.mqttv3/1.2.4/org.eclipse.paho.client.mqttv3-1.2.4.pom
[INFO] Downloaded from swt100nexus-public: http://swt100.informatik.uni-mannheim.de:8081/repository/maven-public/org/eclipse/paho/org.eclipse.paho.client.mqttv3/1.2.4/org.eclipse.paho.client.mqttv3-1.2.4.pom (3.9 kB at 94 kB/s)
[INFO] Using 'UTF-8' encoding to copy filtered resources.
[INFO] Downloading from swt100nexus-public: http://swt100.informatik.uni-mannheim.de:8081/repository/maven-public/org/eclipse/paho/java-parent/1.2.4/java-parent-1.2.4.pom
[INFO] Copying 0 resource
[INFO] 
[INFO] --- maven-compiler-plugin:3.1:compile (default-compile) @ 4e73bb0d-f01f-43e5-bf46-7ab7870a289f ---
[INFO] Downloaded from swt100nexus-public: http://swt100.informatik.uni-mannheim.de:8081/repository/maven-public/org/eclipse/paho/java-parent/1.2.4/java-parent-1.2.4.pom (11 kB at 249 kB/s)
[INFO] Downloading from swt100nexus-public: http://swt100.informatik.uni-mannheim.de:8081/repository/maven-public/org/apache/kafka/kafka-clients/2.5.0/kafka-clients-2.5.0.pom
[INFO] Downloaded from swt100nexus-public: http://swt100.informatik.uni-mannheim.de:8081/repository/maven-public/org/apache/kafka/kafka-clients/2.5.0/kafka-clients-2.5.0.pom (2.7 kB at 70 kB/s)
[INFO] Downloading from swt100nexus-public: http://swt100.informatik.uni-mannheim.de:8081/repository/maven-public/com/github/luben/zstd-jni/1.4.4-7/zstd-jni-1.4.4-7.pom
[INFO] Downloaded from swt100nexus-public: http://swt100.informatik.uni-mannheim.de:8081/repository/maven-public/com/github/luben/zstd-jni/1.4.4-7/zstd-jni-1.4.4-7.pom (1.9 kB at 52 kB/s)
[INFO] Downloading from swt100nexus-public: http://swt100.informatik.uni-mannheim.de:8081/repository/maven-public/org/lz4/lz4-java/1.7.1/lz4-java-1.7.1.pom
[INFO] Downloaded from swt100nexus-public: http://swt100.informatik.uni-mannheim.de:8081/repository/maven-public/org/lz4/lz4-java/1.7.1/lz4-java-1.7.1.pom (2.0 kB at 50 kB/s)
[INFO] Downloading from swt100nexus-public: http://swt100.informatik.uni-mannheim.de:8081/repository/maven-public/com/jkoolcloud/tnt4j/2.13.2/tnt4j-2.13.2.jar
[INFO] Downloading from swt100nexus-public: http://swt100.informatik.uni-mannheim.de:8081/repository/maven-public/org/apache/commons/commons-configuration2/2.7/commons-configuration2-2.7.jar
[INFO] Downloading from swt100nexus-public: http://swt100.informatik.uni-mannheim.de:8081/repository/maven-public/com/fasterxml/uuid/java-uuid-generator/4.0.1/java-uuid-generator-4.0.1.jar
[INFO] Downloading from swt100nexus-public: http://swt100.informatik.uni-mannheim.de:8081/repository/maven-public/org/eclipse/paho/org.eclipse.paho.client.mqttv3/1.2.4/org.eclipse.paho.client.mqttv3-1.2.4.jar
[INFO] Downloading from swt100nexus-public: http://swt100.informatik.uni-mannheim.de:8081/repository/maven-public/org/apache/kafka/kafka-clients/2.5.0/kafka-clients-2.5.0.jar
[INFO] Nothing to compile - all classes are up to date
[INFO] 
[INFO] --- maven-resources-plugin:2.6:testResources (default-testResources) @ 4e73bb0d-f01f-43e5-bf46-7ab7870a289f ---
[INFO] Using 'UTF-8' encoding to copy filtered resources.
[INFO] Copying 0 resource
[INFO] 
[INFO] --- maven-compiler-plugin:3.1:testCompile (default-testCompile) @ 4e73bb0d-f01f-43e5-bf46-7ab7870a289f ---
[INFO] Nothing to compile - all classes are up to date
[INFO] 
[INFO] >>> evosuite-maven-plugin:1.1.1.LASSO.9:generate (default-cli) > compile @ 4e73bb0d-f01f-43e5-bf46-7ab7870a289f >>>
[INFO] 
[INFO] --- maven-resources-plugin:2.6:resources (default-resources) @ 4e73bb0d-f01f-43e5-bf46-7ab7870a289f ---
[INFO] Using 'UTF-8' encoding to copy filtered resources.
[INFO] Copying 0 resource
[INFO] 
[INFO] --- maven-compiler-plugin:3.1:compile (default-compile) @ 4e73bb0d-f01f-43e5-bf46-7ab7870a289f ---
[INFO] Nothing to compile - all classes are up to date
[INFO] 
[INFO] <<< evosuite-maven-plugin:1.1.1.LASSO.9:generate (default-cli) < compile @ 4e73bb0d-f01f-43e5-bf46-7ab7870a289f <<<
[INFO] 
[INFO] 
[INFO] --- evosuite-maven-plugin:1.1.1.LASSO.9:generate (default-cli) @ 4e73bb0d-f01f-43e5-bf46-7ab7870a289f ---
[INFO] Downloaded from swt100nexus-public: http://swt100.informatik.uni-mannheim.de:8081/repository/maven-public/com/fasterxml/uuid/java-uuid-generator/4.0.1/java-uuid-generator-4.0.1.jar (37 kB at 184 kB/s)
[INFO] Downloading from swt100nexus-public: http://swt100.informatik.uni-mannheim.de:8081/repository/maven-public/com/github/luben/zstd-jni/1.4.4-7/zstd-jni-1.4.4-7.jar
[INFO] Downloaded from swt100nexus-public: http://swt100.informatik.uni-mannheim.de:8081/repository/maven-public/org/apache/commons/commons-configuration2/2.7/commons-configuration2-2.7.jar (623 kB at 3.0 MB/s)
[INFO] Downloading from swt100nexus-public: http://swt100.informatik.uni-mannheim.de:8081/repository/maven-public/org/lz4/lz4-java/1.7.1/lz4-java-1.7.1.jar
[INFO] Downloaded from swt100nexus-public: http://swt100.informatik.uni-mannheim.de:8081/repository/maven-public/com/jkoolcloud/tnt4j/2.13.2/tnt4j-2.13.2.jar (331 kB at 1.5 MB/s)
[INFO] Downloaded from swt100nexus-public: http://swt100.informatik.uni-mannheim.de:8081/repository/maven-public/org/eclipse/paho/org.eclipse.paho.client.mqttv3/1.2.4/org.eclipse.paho.client.mqttv3-1.2.4.jar (240 kB at 829 kB/s)
[INFO] Downloaded from swt100nexus-public: http://swt100.informatik.uni-mannheim.de:8081/repository/maven-public/org/lz4/lz4-java/1.7.1/lz4-java-1.7.1.jar (650 kB at 1.9 MB/s)
[INFO] Going to generate tests with EvoSuite
[INFO] Total memory: 800mb
[INFO] Time per class: 2 minutes
[INFO] Number of used cores: 1
[INFO] Target: /usr/src/mymaven/4e73bb0d-f01f-43e5-bf46-7ab7870a289f/target/classes
[INFO] Basedir: /usr/src/mymaven/4e73bb0d-f01f-43e5-bf46-7ab7870a289f
[INFO] Lasso Repetition: 1
[INFO] Adjusting junit suffix for repetition 0
[INFO] Running Lasso class 'miniml.Stack' with classpath '/usr/src/mymaven/4e73bb0d-f01f-43e5-bf46-7ab7870a289f/target/test-classes:/usr/src/mymaven/4e73bb0d-f01f-43e5-bf46-7ab7870a289f/target/classes:/var/maven/.m2/repository/com/github/loadingbg/MiniML-for-java/v1.0/MiniML-for-java-v1.0.jar:/var/maven/.m2/repository/junit/junit/4.12/junit-4.12.jar:/var/maven/.m2/repository/org/hamcrest/hamcrest-core/1.3/hamcrest-core-1.3.jar:/var/maven/.m2/repository/org/hamcrest/hamcrest-library/1.3/hamcrest-library-1.3.jar:/var/maven/.m2/repository/org/evosuite/evosuite-standalone-runtime/1.1.1.LASSO.9/evosuite-standalone-runtime-1.1.1.LASSO.9.jar'
[INFO] Started spawn process manager on port 33817
[INFO] Downloaded from swt100nexus-public: http://swt100.informatik.uni-mannheim.de:8081/repository/maven-public/com/github/luben/zstd-jni/1.4.4-7/zstd-jni-1.4.4-7.jar (4.2 MB at 4.9 MB/s)
[INFO] Downloaded from swt100nexus-public: http://swt100.informatik.uni-mannheim.de:8081/repository/maven-public/org/apache/kafka/kafka-clients/2.5.0/kafka-clients-2.5.0.jar (3.4 MB at 3.3 MB/s)
[INFO] 
[INFO] --- maven-resources-plugin:2.6:resources (default-resources) @ 91a8e57d-cffe-4bd6-b1f0-1859366e8f5e ---
[INFO] Using 'UTF-8' encoding to copy filtered resources.
[INFO] Copying 0 resource
[INFO] 
[INFO] --- maven-compiler-plugin:3.1:compile (default-compile) @ 91a8e57d-cffe-4bd6-b1f0-1859366e8f5e ---
[INFO] Nothing to compile - all classes are up to date
[INFO] 
[INFO] --- maven-resources-plugin:2.6:testResources (default-testResources) @ 91a8e57d-cffe-4bd6-b1f0-1859366e8f5e ---
[INFO] Using 'UTF-8' encoding to copy filtered resources.
[INFO] Copying 0 resource
[INFO] 
[INFO] --- maven-compiler-plugin:3.1:testCompile (default-testCompile) @ 91a8e57d-cffe-4bd6-b1f0-1859366e8f5e ---
[INFO] * EvoSuite 1.1.1.LASSO.9
[INFO] * Configuration: 0
[INFO] Nothing to compile - all classes are up to date
[INFO] 
[INFO] >>> evosuite-maven-plugin:1.1.1.LASSO.9:generate (default-cli) > compile @ 91a8e57d-cffe-4bd6-b1f0-1859366e8f5e >>>
[INFO] * Going to generate test cases for class: miniml.Stack
[INFO] 
[INFO] --- maven-resources-plugin:2.6:resources (default-resources) @ 91a8e57d-cffe-4bd6-b1f0-1859366e8f5e ---
[INFO] Using 'UTF-8' encoding to copy filtered resources.
[INFO] Copying 0 resource
[INFO] 
[INFO] --- maven-compiler-plugin:3.1:compile (default-compile) @ 91a8e57d-cffe-4bd6-b1f0-1859366e8f5e ---
[INFO] Nothing to compile - all classes are up to date
[INFO] 
[INFO] <<< evosuite-maven-plugin:1.1.1.LASSO.9:generate (default-cli) < compile @ 91a8e57d-cffe-4bd6-b1f0-1859366e8f5e <<<
[INFO] 
[INFO] 
[INFO] --- evosuite-maven-plugin:1.1.1.LASSO.9:generate (default-cli) @ 91a8e57d-cffe-4bd6-b1f0-1859366e8f5e ---
[INFO] Going to generate tests with EvoSuite
[INFO] Total memory: 800mb
[INFO] Time per class: 2 minutes
[INFO] Number of used cores: 1
[INFO] Registered remote process from /127.0.0.1:52852
[INFO] Target: /usr/src/mymaven/91a8e57d-cffe-4bd6-b1f0-1859366e8f5e/target/classes
[INFO] Basedir: /usr/src/mymaven/91a8e57d-cffe-4bd6-b1f0-1859366e8f5e
[INFO] Lasso Repetition: 1
[INFO] Adjusting junit suffix for repetition 0
[INFO] Running Lasso class 'com.jkoolcloud.tnt4j.utils.LightStack' with classpath '/usr/src/mymaven/91a8e57d-cffe-4bd6-b1f0-1859366e8f5e/target/test-classes:/usr/src/mymaven/91a8e57d-cffe-4bd6-b1f0-1859366e8f5e/target/classes:/var/maven/.m2/repository/com/jkoolcloud/tnt4j/2.13.2/tnt4j-2.13.2.jar:/var/maven/.m2/repository/org/apache/commons/commons-lang3/3.10/commons-lang3-3.10.jar:/var/maven/.m2/repository/org/apache/commons/commons-text/1.8/commons-text-1.8.jar:/var/maven/.m2/repository/commons-codec/commons-codec/1.14/commons-codec-1.14.jar:/var/maven/.m2/repository/org/apache/commons/commons-configuration2/2.7/commons-configuration2-2.7.jar:/var/maven/.m2/repository/commons-logging/commons-logging/1.2/commons-logging-1.2.jar:/var/maven/.m2/repository/commons-net/commons-net/3.6/commons-net-3.6.jar:/var/maven/.m2/repository/commons-beanutils/commons-beanutils/1.9.4/commons-beanutils-1.9.4.jar:/var/maven/.m2/repository/commons-collections/commons-collections/3.2.2/commons-collections-3.2.2.jar:/var/maven/.m2/repository/com/google/guava/guava/29.0-jre/guava-29.0-jre.jar:/var/maven/.m2/repository/com/google/guava/failureaccess/1.0.1/failureaccess-1.0.1.jar:/var/maven/.m2/repository/com/google/code/findbugs/jsr305/3.0.2/jsr305-3.0.2.jar:/var/maven/.m2/repository/org/checkerframework/checker-qual/2.11.1/checker-qual-2.11.1.jar:/var/maven/.m2/repository/com/google/errorprone/error_prone_annotations/2.3.4/error_prone_annotations-2.3.4.jar:/var/maven/.m2/repository/com/google/j2objc/j2objc-annotations/1.3/j2objc-annotations-1.3.jar:/var/maven/.m2/repository/com/fasterxml/uuid/java-uuid-generator/4.0.1/java-uuid-generator-4.0.1.jar:/var/maven/.m2/repository/org/eclipse/paho/org.eclipse.paho.client.mqttv3/1.2.4/org.eclipse.paho.client.mqttv3-1.2.4.jar:/var/maven/.m2/repository/org/apache/kafka/kafka-clients/2.5.0/kafka-clients-2.5.0.jar:/var/maven/.m2/repository/com/github/luben/zstd-jni/1.4.4-7/zstd-jni-1.4.4-7.jar:/var/maven/.m2/repository/org/lz4/lz4-java/1.7.1/lz4-java-1.7.1.jar:/var/maven/.m2/repository/org/xerial/snappy/snappy-java/1.1.7.3/snappy-java-1.1.7.3.jar:/var/maven/.m2/repository/org/slf4j/slf4j-api/1.7.30/slf4j-api-1.7.30.jar:/var/maven/.m2/repository/junit/junit/4.12/junit-4.12.jar:/var/maven/.m2/repository/org/hamcrest/hamcrest-core/1.3/hamcrest-core-1.3.jar:/var/maven/.m2/repository/org/hamcrest/hamcrest-library/1.3/hamcrest-library-1.3.jar:/var/maven/.m2/repository/org/evosuite/evosuite-standalone-runtime/1.1.1.LASSO.9/evosuite-standalone-runtime-1.1.1.LASSO.9.jar'
[INFO] Started spawn process manager on port 38387
[INFO] * EvoSuite 1.1.1.LASSO.9
[INFO] * Configuration: 0
[INFO] Registered remote process from /127.0.0.1:56816
[INFO] * Going to generate test cases for class: com.jkoolcloud.tnt4j.utils.LightStack
[INFO] Registered remote process from /127.0.0.1:52864
[INFO] * Computation finished
[INFO] Stopping spawn process manager
[INFO] 
[INFO] --< com.merobase.odisse.runtime:f5ab6a92-8056-4d5b-ba45-c12d04594781 >--
[INFO] Building LASSO Candidate f5ab6a92-8056-4d5b-ba45-c12d04594781 1.13.1 [3/6]
[INFO] --------------------------------[ jar ]---------------------------------
[WARNING] *****************************************************************
[WARNING] * Your build is requesting parallel execution, but project      *
[WARNING] * contains the following plugin(s) that have goals not marked   *
[WARNING] * as @threadSafe to support parallel building.                  *
[WARNING] * While this /may/ work fine, please look for plugin updates    *
[WARNING] * and/or request plugins be made thread-safe.                   *
[WARNING] * If reporting an issue, report it against the plugin in        *
[WARNING] * question, not against maven-core                              *
[WARNING] *****************************************************************
[WARNING] The following plugins are not marked @threadSafe in LASSO Candidate f5ab6a92-8056-4d5b-ba45-c12d04594781:
[WARNING] org.evosuite.plugins:evosuite-maven-plugin:1.1.1.LASSO.9
[WARNING] Enable debug to see more precisely which goals are not marked @threadSafe.
[WARNING] *****************************************************************
[INFO] 
[INFO] --- maven-resources-plugin:2.6:resources (default-resources) @ f5ab6a92-8056-4d5b-ba45-c12d04594781 ---
[INFO] Using 'UTF-8' encoding to copy filtered resources.
[INFO] Copying 0 resource
[INFO] 
[INFO] --- maven-compiler-plugin:3.1:compile (default-compile) @ f5ab6a92-8056-4d5b-ba45-c12d04594781 ---
[INFO] Nothing to compile - all classes are up to date
[INFO] 
[INFO] --- maven-resources-plugin:2.6:testResources (default-testResources) @ f5ab6a92-8056-4d5b-ba45-c12d04594781 ---
[INFO] Using 'UTF-8' encoding to copy filtered resources.
[INFO] Copying 0 resource
[INFO] 
[INFO] --- maven-compiler-plugin:3.1:testCompile (default-testCompile) @ f5ab6a92-8056-4d5b-ba45-c12d04594781 ---
[INFO] Nothing to compile - all classes are up to date
[INFO] 
[INFO] >>> evosuite-maven-plugin:1.1.1.LASSO.9:generate (default-cli) > compile @ f5ab6a92-8056-4d5b-ba45-c12d04594781 >>>
[INFO] 
[INFO] --- maven-resources-plugin:2.6:resources (default-resources) @ f5ab6a92-8056-4d5b-ba45-c12d04594781 ---
[INFO] Using 'UTF-8' encoding to copy filtered resources.
[INFO] Copying 0 resource
[INFO] 
[INFO] --- maven-compiler-plugin:3.1:compile (default-compile) @ f5ab6a92-8056-4d5b-ba45-c12d04594781 ---
[INFO] Nothing to compile - all classes are up to date
[INFO] 
[INFO] <<< evosuite-maven-plugin:1.1.1.LASSO.9:generate (default-cli) < compile @ f5ab6a92-8056-4d5b-ba45-c12d04594781 <<<
[INFO] 
[INFO] 
[INFO] --- evosuite-maven-plugin:1.1.1.LASSO.9:generate (default-cli) @ f5ab6a92-8056-4d5b-ba45-c12d04594781 ---
[INFO] Going to generate tests with EvoSuite
[INFO] Total memory: 800mb
[INFO] Time per class: 2 minutes
[INFO] Number of used cores: 1
[INFO] Target: /usr/src/mymaven/f5ab6a92-8056-4d5b-ba45-c12d04594781/target/classes
[INFO] Basedir: /usr/src/mymaven/f5ab6a92-8056-4d5b-ba45-c12d04594781
[INFO] Lasso Repetition: 1
[INFO] Adjusting junit suffix for repetition 0
[INFO] Running Lasso class 'org.sonatype.aether.util.graph.Stack' with classpath '/usr/src/mymaven/f5ab6a92-8056-4d5b-ba45-c12d04594781/target/test-classes:/usr/src/mymaven/f5ab6a92-8056-4d5b-ba45-c12d04594781/target/classes:/var/maven/.m2/repository/org/sonatype/aether/aether-util/1.13.1/aether-util-1.13.1.jar:/var/maven/.m2/repository/org/sonatype/aether/aether-api/1.13.1/aether-api-1.13.1.jar:/var/maven/.m2/repository/junit/junit/4.12/junit-4.12.jar:/var/maven/.m2/repository/org/hamcrest/hamcrest-core/1.3/hamcrest-core-1.3.jar:/var/maven/.m2/repository/org/hamcrest/hamcrest-library/1.3/hamcrest-library-1.3.jar:/var/maven/.m2/repository/org/evosuite/evosuite-standalone-runtime/1.1.1.LASSO.9/evosuite-standalone-runtime-1.1.1.LASSO.9.jar'
[INFO] Started spawn process manager on port 36629
[INFO] * EvoSuite 1.1.1.LASSO.9
[INFO] * Configuration: 0
[INFO] * Going to generate test cases for class: org.sonatype.aether.util.graph.Stack
[INFO] Registered remote process from /127.0.0.1:53064
[INFO] * Computation finished
[INFO] [MASTER] 15:30:19.852 [main] ERROR RuntimeVariable - Obtained invalid goal count: covered 189 out of 175
[INFO] [MASTER] 15:30:19.853 [main] ERROR SearchStatistics - Not going to write down statistics data, as some data is invalid
[INFO] [MASTER] 15:30:19.954 [main] ERROR TestGeneration - failed to write statistics data
[INFO] Stopping spawn process manager
[INFO] 
[INFO] --< com.merobase.odisse.runtime:6ce338e3-3c3c-4f52-b595-9b3ed5bb4025 >--
[INFO] Building LASSO Candidate 6ce338e3-3c3c-4f52-b595-9b3ed5bb4025 1.1.0 [4/6]
[INFO] --------------------------------[ jar ]---------------------------------
[WARNING] *****************************************************************
[WARNING] * Your build is requesting parallel execution, but project      *
[WARNING] * contains the following plugin(s) that have goals not marked   *
[WARNING] * as @threadSafe to support parallel building.                  *
[WARNING] * While this /may/ work fine, please look for plugin updates    *
[WARNING] * and/or request plugins be made thread-safe.                   *
[WARNING] * If reporting an issue, report it against the plugin in        *
[WARNING] * question, not against maven-core                              *
[WARNING] *****************************************************************
[WARNING] The following plugins are not marked @threadSafe in LASSO Candidate 6ce338e3-3c3c-4f52-b595-9b3ed5bb4025:
[WARNING] org.evosuite.plugins:evosuite-maven-plugin:1.1.1.LASSO.9
[WARNING] Enable debug to see more precisely which goals are not marked @threadSafe.
[WARNING] *****************************************************************
[INFO] 
[INFO] --- maven-resources-plugin:2.6:resources (default-resources) @ 6ce338e3-3c3c-4f52-b595-9b3ed5bb4025 ---
[INFO] Using 'UTF-8' encoding to copy filtered resources.
[INFO] Copying 0 resource
[INFO] 
[INFO] --- maven-compiler-plugin:3.1:compile (default-compile) @ 6ce338e3-3c3c-4f52-b595-9b3ed5bb4025 ---
[INFO] Nothing to compile - all classes are up to date
[INFO] 
[INFO] --- maven-resources-plugin:2.6:testResources (default-testResources) @ 6ce338e3-3c3c-4f52-b595-9b3ed5bb4025 ---
[INFO] Using 'UTF-8' encoding to copy filtered resources.
[INFO] Copying 0 resource
[INFO] 
[INFO] --- maven-compiler-plugin:3.1:testCompile (default-testCompile) @ 6ce338e3-3c3c-4f52-b595-9b3ed5bb4025 ---
[INFO] Nothing to compile - all classes are up to date
[INFO] 
[INFO] >>> evosuite-maven-plugin:1.1.1.LASSO.9:generate (default-cli) > compile @ 6ce338e3-3c3c-4f52-b595-9b3ed5bb4025 >>>
[INFO] 
[INFO] --- maven-resources-plugin:2.6:resources (default-resources) @ 6ce338e3-3c3c-4f52-b595-9b3ed5bb4025 ---
[INFO] Using 'UTF-8' encoding to copy filtered resources.
[INFO] Copying 0 resource
[INFO] 
[INFO] --- maven-compiler-plugin:3.1:compile (default-compile) @ 6ce338e3-3c3c-4f52-b595-9b3ed5bb4025 ---
[INFO] Nothing to compile - all classes are up to date
[INFO] 
[INFO] <<< evosuite-maven-plugin:1.1.1.LASSO.9:generate (default-cli) < compile @ 6ce338e3-3c3c-4f52-b595-9b3ed5bb4025 <<<
[INFO] 
[INFO] 
[INFO] --- evosuite-maven-plugin:1.1.1.LASSO.9:generate (default-cli) @ 6ce338e3-3c3c-4f52-b595-9b3ed5bb4025 ---
[INFO] Going to generate tests with EvoSuite
[INFO] Total memory: 800mb
[INFO] Time per class: 2 minutes
[INFO] Number of used cores: 1
[INFO] Target: /usr/src/mymaven/6ce338e3-3c3c-4f52-b595-9b3ed5bb4025/target/classes
[INFO] Basedir: /usr/src/mymaven/6ce338e3-3c3c-4f52-b595-9b3ed5bb4025
[INFO] Lasso Repetition: 1
[INFO] Adjusting junit suffix for repetition 0
[INFO] Running Lasso class 'edu.mines.jtk.sgl.ArrayStack' with classpath '/usr/src/mymaven/6ce338e3-3c3c-4f52-b595-9b3ed5bb4025/target/test-classes:/usr/src/mymaven/6ce338e3-3c3c-4f52-b595-9b3ed5bb4025/target/classes:/var/maven/.m2/repository/edu/mines/jtk/edu-mines-jtk/1.1.0/edu-mines-jtk-1.1.0.jar:/var/maven/.m2/repository/org/jogamp/jogl/jogl-all-main/2.3.2/jogl-all-main-2.3.2.jar:/var/maven/.m2/repository/org/jogamp/jogl/jogl-all/2.3.2/jogl-all-2.3.2.jar:/var/maven/.m2/repository/org/jogamp/jogl/jogl-all/2.3.2/jogl-all-2.3.2-natives-android-aarch64.jar:/var/maven/.m2/repository/org/jogamp/jogl/jogl-all/2.3.2/jogl-all-2.3.2-natives-android-armv6.jar:/var/maven/.m2/repository/org/jogamp/jogl/jogl-all/2.3.2/jogl-all-2.3.2-natives-linux-amd64.jar:/var/maven/.m2/repository/org/jogamp/jogl/jogl-all/2.3.2/jogl-all-2.3.2-natives-linux-armv6.jar:/var/maven/.m2/repository/org/jogamp/jogl/jogl-all/2.3.2/jogl-all-2.3.2-natives-linux-armv6hf.jar:/var/maven/.m2/repository/org/jogamp/jogl/jogl-all/2.3.2/jogl-all-2.3.2-natives-linux-i586.jar:/var/maven/.m2/repository/org/jogamp/jogl/jogl-all/2.3.2/jogl-all-2.3.2-natives-macosx-universal.jar:/var/maven/.m2/repository/org/jogamp/jogl/jogl-all/2.3.2/jogl-all-2.3.2-natives-solaris-amd64.jar:/var/maven/.m2/repository/org/jogamp/jogl/jogl-all/2.3.2/jogl-all-2.3.2-natives-solaris-i586.jar:/var/maven/.m2/repository/org/jogamp/jogl/jogl-all/2.3.2/jogl-all-2.3.2-natives-windows-amd64.jar:/var/maven/.m2/repository/org/jogamp/jogl/jogl-all/2.3.2/jogl-all-2.3.2-natives-windows-i586.jar:/var/maven/.m2/repository/org/jogamp/gluegen/gluegen-rt-main/2.3.2/gluegen-rt-main-2.3.2.jar:/var/maven/.m2/repository/org/jogamp/gluegen/gluegen-rt/2.3.2/gluegen-rt-2.3.2.jar:/var/maven/.m2/repository/org/jogamp/gluegen/gluegen-rt/2.3.2/gluegen-rt-2.3.2-natives-android-aarch64.jar:/var/maven/.m2/repository/org/jogamp/gluegen/gluegen-rt/2.3.2/gluegen-rt-2.3.2-natives-android-armv6.jar:/var/maven/.m2/repository/org/jogamp/gluegen/gluegen-rt/2.3.2/gluegen-rt-2.3.2-natives-linux-amd64.jar:/var/maven/.m2/repository/org/jogamp/gluegen/gluegen-rt/2.3.2/gluegen-rt-2.3.2-natives-linux-armv6.jar:/var/maven/.m2/repository/org/jogamp/gluegen/gluegen-rt/2.3.2/gluegen-rt-2.3.2-natives-linux-armv6hf.jar:/var/maven/.m2/repository/org/jogamp/gluegen/gluegen-rt/2.3.2/gluegen-rt-2.3.2-natives-linux-i586.jar:/var/maven/.m2/repository/org/jogamp/gluegen/gluegen-rt/2.3.2/gluegen-rt-2.3.2-natives-macosx-universal.jar:/var/maven/.m2/repository/org/jogamp/gluegen/gluegen-rt/2.3.2/gluegen-rt-2.3.2-natives-solaris-amd64.jar:/var/maven/.m2/repository/org/jogamp/gluegen/gluegen-rt/2.3.2/gluegen-rt-2.3.2-natives-solaris-i586.jar:/var/maven/.m2/repository/org/jogamp/gluegen/gluegen-rt/2.3.2/gluegen-rt-2.3.2-natives-windows-amd64.jar:/var/maven/.m2/repository/org/jogamp/gluegen/gluegen-rt/2.3.2/gluegen-rt-2.3.2-natives-windows-i586.jar:/var/maven/.m2/repository/com/googlecode/netlib-java/netlib-java/0.9.3/netlib-java-0.9.3.jar:/var/maven/.m2/repository/net/sourceforge/f2j/arpack_combined_all/0.1/arpack_combined_all-0.1.jar:/var/maven/.m2/repository/junit/junit/4.12/junit-4.12.jar:/var/maven/.m2/repository/org/hamcrest/hamcrest-core/1.3/hamcrest-core-1.3.jar:/var/maven/.m2/repository/org/hamcrest/hamcrest-library/1.3/hamcrest-library-1.3.jar:/var/maven/.m2/repository/org/evosuite/evosuite-standalone-runtime/1.1.1.LASSO.9/evosuite-standalone-runtime-1.1.1.LASSO.9.jar'
[INFO] Started spawn process manager on port 45385
[INFO] * EvoSuite 1.1.1.LASSO.9
[INFO] * Configuration: 0
[INFO] Registered remote process from /127.0.0.1:40696
[INFO] * Going to generate test cases for class: edu.mines.jtk.sgl.ArrayStack
[INFO] Registered remote process from /127.0.0.1:40704
[INFO] * Computation finished
[INFO] Stopping spawn process manager
[INFO] 
[INFO] --< com.merobase.odisse.runtime:c576fd85-81c6-47fd-9199-960c122b8bbd >--
[INFO] Building LASSO Candidate c576fd85-81c6-47fd-9199-960c122b8bbd 2.0.0p3 [5/6]
[INFO] --------------------------------[ jar ]---------------------------------
[WARNING] *****************************************************************
[WARNING] * Your build is requesting parallel execution, but project      *
[WARNING] * contains the following plugin(s) that have goals not marked   *
[WARNING] * as @threadSafe to support parallel building.                  *
[WARNING] * While this /may/ work fine, please look for plugin updates    *
[WARNING] * and/or request plugins be made thread-safe.                   *
[WARNING] * If reporting an issue, report it against the plugin in        *
[WARNING] * question, not against maven-core                              *
[WARNING] *****************************************************************
[WARNING] The following plugins are not marked @threadSafe in LASSO Candidate c576fd85-81c6-47fd-9199-960c122b8bbd:
[WARNING] org.evosuite.plugins:evosuite-maven-plugin:1.1.1.LASSO.9
[WARNING] Enable debug to see more precisely which goals are not marked @threadSafe.
[WARNING] *****************************************************************
[INFO] Downloading from swt100nexus-public: http://swt100.informatik.uni-mannheim.de:8081/repository/maven-public/org/jbasics/jbasics/2.0.0p3/jbasics-2.0.0p3.pom
[INFO] Downloaded from swt100nexus-public: http://swt100.informatik.uni-mannheim.de:8081/repository/maven-public/org/jbasics/jbasics/2.0.0p3/jbasics-2.0.0p3.pom (8.3 kB at 102 kB/s)
[INFO] Downloading from swt100nexus-public: http://swt100.informatik.uni-mannheim.de:8081/repository/maven-public/javax/jms/jms-api/1.1-rev-1/jms-api-1.1-rev-1.pom
[INFO] Downloaded from swt100nexus-public: http://swt100.informatik.uni-mannheim.de:8081/repository/maven-public/javax/jms/jms-api/1.1-rev-1/jms-api-1.1-rev-1.pom (3.1 kB at 39 kB/s)
[INFO] Downloading from swt100nexus-public: http://swt100.informatik.uni-mannheim.de:8081/repository/maven-public/org/jbasics/jbasics/2.0.0p3/jbasics-2.0.0p3.jar
[INFO] Downloading from swt100nexus-public: http://swt100.informatik.uni-mannheim.de:8081/repository/maven-public/javax/jms/jms-api/1.1-rev-1/jms-api-1.1-rev-1.jar
[INFO] Downloaded from swt100nexus-public: http://swt100.informatik.uni-mannheim.de:8081/repository/maven-public/javax/jms/jms-api/1.1-rev-1/jms-api-1.1-rev-1.jar (39 kB at 243 kB/s)
[INFO] Downloaded from swt100nexus-public: http://swt100.informatik.uni-mannheim.de:8081/repository/maven-public/org/jbasics/jbasics/2.0.0p3/jbasics-2.0.0p3.jar (788 kB at 4.6 MB/s)
[INFO] 
[INFO] --- maven-resources-plugin:2.6:resources (default-resources) @ c576fd85-81c6-47fd-9199-960c122b8bbd ---
[INFO] Using 'UTF-8' encoding to copy filtered resources.
[INFO] Copying 0 resource
[INFO] 
[INFO] --- maven-compiler-plugin:3.1:compile (default-compile) @ c576fd85-81c6-47fd-9199-960c122b8bbd ---
[INFO] Nothing to compile - all classes are up to date
[INFO] 
[INFO] --- maven-resources-plugin:2.6:testResources (default-testResources) @ c576fd85-81c6-47fd-9199-960c122b8bbd ---
[INFO] Using 'UTF-8' encoding to copy filtered resources.
[INFO] Copying 0 resource
[INFO] 
[INFO] --- maven-compiler-plugin:3.1:testCompile (default-testCompile) @ c576fd85-81c6-47fd-9199-960c122b8bbd ---
[INFO] Nothing to compile - all classes are up to date
[INFO] 
[INFO] >>> evosuite-maven-plugin:1.1.1.LASSO.9:generate (default-cli) > compile @ c576fd85-81c6-47fd-9199-960c122b8bbd >>>
[INFO] 
[INFO] --- maven-resources-plugin:2.6:resources (default-resources) @ c576fd85-81c6-47fd-9199-960c122b8bbd ---
[INFO] Using 'UTF-8' encoding to copy filtered resources.
[INFO] Copying 0 resource
[INFO] 
[INFO] --- maven-compiler-plugin:3.1:compile (default-compile) @ c576fd85-81c6-47fd-9199-960c122b8bbd ---
[INFO] Nothing to compile - all classes are up to date
[INFO] 
[INFO] <<< evosuite-maven-plugin:1.1.1.LASSO.9:generate (default-cli) < compile @ c576fd85-81c6-47fd-9199-960c122b8bbd <<<
[INFO] 
[INFO] 
[INFO] --- evosuite-maven-plugin:1.1.1.LASSO.9:generate (default-cli) @ c576fd85-81c6-47fd-9199-960c122b8bbd ---
[INFO] Going to generate tests with EvoSuite
[INFO] Total memory: 800mb
[INFO] Time per class: 2 minutes
[INFO] Number of used cores: 1
[INFO] Target: /usr/src/mymaven/c576fd85-81c6-47fd-9199-960c122b8bbd/target/classes
[INFO] Basedir: /usr/src/mymaven/c576fd85-81c6-47fd-9199-960c122b8bbd
[INFO] Lasso Repetition: 1
[INFO] Adjusting junit suffix for repetition 0
[INFO] Running Lasso class 'org.jbasics.parser.StateStack' with classpath '/usr/src/mymaven/c576fd85-81c6-47fd-9199-960c122b8bbd/target/test-classes:/usr/src/mymaven/c576fd85-81c6-47fd-9199-960c122b8bbd/target/classes:/var/maven/.m2/repository/org/jbasics/jbasics/2.0.0p3/jbasics-2.0.0p3.jar:/var/maven/.m2/repository/javax/persistence/persistence-api/1.0/persistence-api-1.0.jar:/var/maven/.m2/repository/javax/servlet/servlet-api/2.5/servlet-api-2.5.jar:/var/maven/.m2/repository/javax/jms/jms-api/1.1-rev-1/jms-api-1.1-rev-1.jar:/var/maven/.m2/repository/javax/xml/bind/jaxb-api/2.1/jaxb-api-2.1.jar:/var/maven/.m2/repository/javax/xml/stream/stax-api/1.0-2/stax-api-1.0-2.jar:/var/maven/.m2/repository/javax/activation/activation/1.1/activation-1.1.jar:/var/maven/.m2/repository/javax/ws/rs/jsr311-api/1.1.1/jsr311-api-1.1.1.jar:/var/maven/.m2/repository/javax/mail/mail/1.4.5/mail-1.4.5.jar:/var/maven/.m2/repository/junit/junit/4.12/junit-4.12.jar:/var/maven/.m2/repository/org/hamcrest/hamcrest-core/1.3/hamcrest-core-1.3.jar:/var/maven/.m2/repository/org/hamcrest/hamcrest-library/1.3/hamcrest-library-1.3.jar:/var/maven/.m2/repository/org/evosuite/evosuite-standalone-runtime/1.1.1.LASSO.9/evosuite-standalone-runtime-1.1.1.LASSO.9.jar'
[INFO] Started spawn process manager on port 42437
[INFO] * EvoSuite 1.1.1.LASSO.9
[INFO] * Configuration: 0
[INFO] * Going to generate test cases for class: org.jbasics.parser.StateStack
[INFO] Registered remote process from /127.0.0.1:37668
[INFO] * Computation finished
[INFO] [MASTER] 15:32:35.972 [main] ERROR RuntimeVariable - Obtained invalid goal count: covered 59 out of 56
[INFO] [MASTER] 15:32:35.973 [main] ERROR SearchStatistics - Not going to write down statistics data, as some data is invalid
[INFO] [MASTER] 15:32:36.074 [main] ERROR TestGeneration - failed to write statistics data
[INFO] Stopping spawn process manager
[INFO] 
[INFO] --< com.merobase.odisse.runtime:evosuiteRef_f204cfa2-7b5e-4d4b-acce-20e7e048b2f1 >--
[INFO] Building Aggregated Maven Project generated by LASSO 1.0           [6/6]
[INFO] --------------------------------[ pom ]---------------------------------
[INFO] Downloading from swt100nexus-public: http://swt100.informatik.uni-mannheim.de:8081/repository/maven-public/org/apache/maven/plugins/maven-metadata.xml
[INFO] Downloading from swt100nexus-public: http://swt100.informatik.uni-mannheim.de:8081/repository/maven-public/org/codehaus/mojo/maven-metadata.xml
[INFO] Downloaded from swt100nexus-public: http://swt100.informatik.uni-mannheim.de:8081/repository/maven-public/org/apache/maven/plugins/maven-metadata.xml (14 kB at 153 kB/s)
[INFO] Downloaded from swt100nexus-public: http://swt100.informatik.uni-mannheim.de:8081/repository/maven-public/org/codehaus/mojo/maven-metadata.xml (20 kB at 320 kB/s)
[INFO] * Computation finished
[INFO] Stopping spawn process manager
[INFO] Lasso Spy: Session started/ended with output stream to lasso_spy_1633361266897.csv
[INFO] ------------------------------------------------------------------------
[INFO] Reactor Summary:
[INFO] 
[INFO] LASSO Candidate 4e73bb0d-f01f-43e5-bf46-7ab7870a289f v1.0 SUCCESS [02:11 min]
[INFO] LASSO Candidate 91a8e57d-cffe-4bd6-b1f0-1859366e8f5e 2.13.2 SUCCESS [02:29 min]
[INFO] LASSO Candidate f5ab6a92-8056-4d5b-ba45-c12d04594781 1.13.1 SUCCESS [02:15 min]
[INFO] LASSO Candidate 6ce338e3-3c3c-4f52-b595-9b3ed5bb4025 1.1.0 SUCCESS [02:16 min]
[INFO] LASSO Candidate c576fd85-81c6-47fd-9199-960c122b8bbd 2.0.0p3 SUCCESS [02:14 min]
[INFO] Aggregated Maven Project generated by LASSO 1.0 .... FAILURE [  0.519 s]
[INFO] ------------------------------------------------------------------------
[INFO] BUILD FAILURE
[INFO] ------------------------------------------------------------------------
[INFO] Total time: 06:40 min (Wall Clock)
[INFO] Finished at: 2021-10-04T15:34:31Z
[INFO] ------------------------------------------------------------------------
[ERROR] No plugin found for prefix 'evosuite' in the current project and in the plugin groups [org.apache.maven.plugins, org.codehaus.mojo] available from the repositories [local (/var/maven/.m2/repository), swt100nexus-public (http://swt100.informatik.uni-mannheim.de:8081/repository/maven-public/)] -> [Help 1]
[ERROR] 
[ERROR] To see the full stack trace of the errors, re-run Maven with the -e switch.
[ERROR] Re-run Maven using the -X switch to enable full debug logging.
[ERROR] 
[ERROR] For more information about the errors and possible solutions, please read the following articles:
[ERROR] [Help 1] http://cwiki.apache.org/confluence/display/MAVEN/NoPluginFoundForPrefixException
[INFO] Build failures were ignored.
